2024-08-19 02:12:15,615 - 创建默认config.ini文件
2024-08-19 02:12:17,065 - 发送post请求，当前在线人数为7
2024-08-19 02:12:18,477 - 发送post请求，今日访问人数为12
2024-08-19 02:12:18,478 - 派懵开始运行！
2024-08-19 02:12:19,481 - 屏幕分辨率为(1920, 1080)
2024-08-19 02:12:19,482 - 缩放分辨率为(1536, 864)
2024-08-19 02:12:19,482 - 当前dpi为125
2024-08-19 02:12:24,167 - 发送post请求，当前在线人数为8
2024-08-19 02:12:25,584 - 发送post请求，今日访问人数为13
2024-08-19 02:12:25,584 - 派懵开始运行！
2024-08-19 02:12:25,865 - 屏幕分辨率为(1920, 1080)
2024-08-19 02:12:25,866 - 缩放分辨率为(1536, 864)
2024-08-19 02:12:25,867 - 当前dpi为125
2024-08-19 02:12:29,404 - 发送post请求，当前在线人数为10
2024-08-19 02:12:30,889 - 发送post请求，今日访问人数为15
2024-08-19 02:12:30,889 - 派懵开始运行！
2024-08-19 02:12:31,176 - 屏幕分辨率为(1920, 1080)
2024-08-19 02:12:31,177 - 缩放分辨率为(1536, 864)
2024-08-19 02:12:31,179 - 当前dpi为125
2024-08-19 02:13:10,299 - 发送post请求，当前在线人数为10
2024-08-19 02:13:11,802 - 发送post请求，今日访问人数为17
2024-08-19 02:13:11,804 - 派懵开始运行！
2024-08-19 02:13:12,661 - 屏幕分辨率为(1920, 1080)
2024-08-19 02:13:12,662 - 缩放分辨率为(1536, 864)
2024-08-19 02:13:12,662 - 当前dpi为125
2024-08-19 02:13:24,546 - 发送post请求，当前在线人数为11
2024-08-19 02:13:25,951 - 发送post请求，今日访问人数为18
2024-08-19 02:13:25,952 - 派懵开始运行！
2024-08-19 02:13:26,898 - 屏幕分辨率为(1920, 1080)
2024-08-19 02:13:26,899 - 缩放分辨率为(1536, 864)
2024-08-19 02:13:26,900 - 当前dpi为125
2024-08-19 02:13:39,895 - 发送post请求，当前在线人数为12
2024-08-19 02:13:41,359 - 发送post请求，今日访问人数为19
2024-08-19 02:13:41,360 - 派懵开始运行！
2024-08-19 02:13:41,619 - 屏幕分辨率为(1920, 1080)
2024-08-19 02:13:41,619 - 缩放分辨率为(1536, 864)
2024-08-19 02:13:41,619 - 当前dpi为125
2024-08-19 02:28:05,355 - 发送post请求，当前在线人数为13
2024-08-19 02:28:06,817 - 发送post请求，今日访问人数为21
2024-08-19 02:28:06,817 - 派懵开始运行！
2024-08-19 02:28:07,817 - 屏幕分辨率为(1920, 1080)
2024-08-19 02:28:07,818 - 缩放分辨率为(1536, 864)
2024-08-19 02:28:07,818 - 当前dpi为125
